\BOOKMARK [1][-]{section.1}{Propostas de solu\347\365es para a arquitetura da eletr\364nica do Projeto ROSA vers\343o 1}{}% 1
\BOOKMARK [1][-]{section.2}{Proposta 1 \205 Placa com Microcontrolador e Gateway Ethernet}{}% 2
\BOOKMARK [2][-]{subsection.2.1}{Arquitetura da Eletr\364nica Proposta 1 - vers\343o 1}{section.2}% 3
\BOOKMARK [2][-]{subsection.2.2}{Arquitetura da Eletr\364nica Proposta 1 - vers\343o 2}{section.2}% 4
\BOOKMARK [2][-]{subsection.2.3}{Arquitetura da Eletr\364nica Proposta 1 - vers\343o 3}{section.2}% 5
\BOOKMARK [2][-]{subsection.2.4}{Arquitetura de Software Proposta 1 - vers\343o 1}{section.2}% 6
\BOOKMARK [1][-]{section.3}{Proposta 2 \205 PC Embarcado e base com Roteador}{}% 7
\BOOKMARK [2][-]{subsection.3.1}{Arquitetura da Eletr\364nica Proposta 2}{section.3}% 8
\BOOKMARK [2][-]{subsection.3.2}{Arquitetura de Software Proposta 2}{section.3}% 9
\BOOKMARK [1][-]{section.4}{Proposta 3 \205 PC embarcado e PC na base}{}% 10
\BOOKMARK [2][-]{subsection.4.1}{Arquitetura da Eletr\364nica Proposta 3}{section.4}% 11
\BOOKMARK [2][-]{subsection.4.2}{Arquitetura de Software Proposta 3}{section.4}% 12
\BOOKMARK [1][-]{section.5}{Est\341gio atual da Eletr\364nica}{}% 13
\BOOKMARK [1][-]{section.6}{Datasheets}{}% 14
\BOOKMARK [2][-]{subsection.6.1}{Encoder}{section.6}% 15
\BOOKMARK [2][-]{subsection.6.2}{Sonar Super SeaKing DFP}{section.6}% 16
\BOOKMARK [2][-]{subsection.6.3}{Sonar ARIS 3000}{section.6}% 17
\BOOKMARK [2][-]{subsection.6.4}{Pan \046 Tilt}{section.6}% 18
\BOOKMARK [2][-]{subsection.6.5}{Sensor Indutivo}{section.6}% 19
\BOOKMARK [2][-]{subsection.6.6}{Sensor de inclina\347\343o}{section.6}% 20
\BOOKMARK [2][-]{subsection.6.7}{Sensor de Press\343o}{section.6}% 21
\BOOKMARK [2][-]{subsection.6.8}{Conectores}{section.6}% 22
\BOOKMARK [2][-]{subsection.6.9}{Pinagem}{section.6}% 23
