This is pdfTeX, Version 3.1415926-2.5-1.40.14 (MiKTeX 2.9) (preloaded format=pdflatex 2014.6.16)  8 AUG 2014 18:14
entering extended mode
**master.tex
(C:\Users\Renan\git\OpenLEAD\ROSA-Relatorio_Eletronica\master.tex
LaTeX2e <2011/06/27>
Babel <v3.8m> and hyphenation patterns for english, afrikaans, ancientgreek, ar
abic, armenian, assamese, basque, bengali, bokmal, bulgarian, catalan, coptic, 
croatian, czech, danish, dutch, esperanto, estonian, farsi, finnish, french, ga
lician, german, german-x-2013-05-26, greek, gujarati, hindi, hungarian, iceland
ic, indonesian, interlingua, irish, italian, kannada, kurmanji, latin, latvian,
 lithuanian, malayalam, marathi, mongolian, mongolianlmc, monogreek, ngerman, n
german-x-2013-05-26, nynorsk, oriya, panjabi, pinyin, polish, portuguese, roman
ian, russian, sanskrit, serbian, slovak, slovenian, spanish, swedish, swissgerm
an, tamil, telugu, turkish, turkmen, ukenglish, ukrainian, uppersorbian, usengl
ishmax, welsh, loaded.
("C:\Program Files (x86)\MiKTeX 2.9\tex\latex\base\article.cls"
Document Class: article 2007/10/19 v1.4h Standard LaTeX document class
("C:\Program Files (x86)\MiKTeX 2.9\tex\latex\base\size11.clo"
File: size11.clo 2007/10/19 v1.4h Standard LaTeX file (size option)
)
\c@part=\count79
\c@section=\count80
\c@subsection=\count81
\c@subsubsection=\count82
\c@paragraph=\count83
\c@subparagraph=\count84
\c@figure=\count85
\c@table=\count86
\abovecaptionskip=\skip41
\belowcaptionskip=\skip42
\bibindent=\dimen102
)
("C:\Program Files (x86)\MiKTeX 2.9\tex\latex\float\float.sty"
Package: float 2001/11/08 v1.3d Float enhancements (AL)
\c@float@type=\count87
\float@exts=\toks14
\float@box=\box26
\@float@everytoks=\toks15
\@floatcapt=\box27
)
("C:\Program Files (x86)\MiKTeX 2.9\tex\latex\rotating\rotating.sty"
Package: rotating 2009/03/28 v2.16a rotated objects in LaTeX

("C:\Program Files (x86)\MiKTeX 2.9\tex\latex\graphics\graphicx.sty"
Package: graphicx 1999/02/16 v1.0f Enhanced LaTeX Graphics (DPC,SPQR)

("C:\Program Files (x86)\MiKTeX 2.9\tex\latex\graphics\keyval.sty"
Package: keyval 1999/03/16 v1.13 key=value parser (DPC)
\KV@toks@=\toks16
)
("C:\Program Files (x86)\MiKTeX 2.9\tex\latex\graphics\graphics.sty"
Package: graphics 2009/02/05 v1.0o Standard LaTeX Graphics (DPC,SPQR)

("C:\Program Files (x86)\MiKTeX 2.9\tex\latex\graphics\trig.sty"
Package: trig 1999/03/16 v1.09 sin cos tan (DPC)
)
("C:\Program Files (x86)\MiKTeX 2.9\tex\latex\00miktex\graphics.cfg"
File: graphics.cfg 2007/01/18 v1.5 graphics configuration of teTeX/TeXLive
)
Package graphics Info: Driver file: pdftex.def on input line 91.

("C:\Program Files (x86)\MiKTeX 2.9\tex\latex\pdftex-def\pdftex.def"
File: pdftex.def 2011/05/27 v0.06d Graphics/color for pdfTeX

("C:\Program Files (x86)\MiKTeX 2.9\tex\generic\oberdiek\infwarerr.sty"
Package: infwarerr 2010/04/08 v1.3 Providing info/warning/error messages (HO)
)
("C:\Program Files (x86)\MiKTeX 2.9\tex\generic\oberdiek\ltxcmds.sty"
Package: ltxcmds 2011/11/09 v1.22 LaTeX kernel commands for general use (HO)
)
\Gread@gobject=\count88
))
\Gin@req@height=\dimen103
\Gin@req@width=\dimen104
)
("C:\Program Files (x86)\MiKTeX 2.9\tex\latex\base\ifthen.sty"
Package: ifthen 2001/05/26 v1.1c Standard LaTeX ifthen package (DPC)
)
\c@r@tfl@t=\count89
\rotFPtop=\skip43
\rotFPbot=\skip44
\rot@float@box=\box28
\rot@mess@toks=\toks17
)
(C:\Users\Renan\git\OpenLEAD\ROSA-Relatorio_Eletronica\mybook.sty
("C:\Program Files (x86)\MiKTeX 2.9\tex\latex\oberdiek\inputenx.sty"
Package: inputenx 2011/05/27 v1.10 Enhanced input encoding handling (HO)

("C:\Program Files (x86)\MiKTeX 2.9\tex\latex\oberdiek\ix-alias.def"
File: ix-alias.def 2011/05/27 v1.10 Alias list (inputenx)
)
Package inputenx Info: Encoding name: utf8
(inputenx)             Encoding file: utf8.def
(inputenx)              on input line 171.

("C:\Program Files (x86)\MiKTeX 2.9\tex\latex\base\inputenc.sty"
Package: inputenc 2008/03/30 v1.1d Input encoding file
\inpenc@prehook=\toks18
\inpenc@posthook=\toks19
)
("C:\Program Files (x86)\MiKTeX 2.9\tex\latex\base\utf8.def"
File: utf8.def 2008/04/05 v1.1m UTF-8 support for inputenc
Now handling font encoding OML ...
... no UTF-8 mapping file for font encoding OML
Now handling font encoding T1 ...
... processing UTF-8 mapping file for font encoding T1

("C:\Program Files (x86)\MiKTeX 2.9\tex\latex\base\t1enc.dfu"
File: t1enc.dfu 2008/04/05 v1.1m UTF-8 support for inputenc
   defining Unicode char U+00A1 (decimal 161)
   defining Unicode char U+00A3 (decimal 163)
   defining Unicode char U+00AB (decimal 171)
   defining Unicode char U+00BB (decimal 187)
   defining Unicode char U+00BF (decimal 191)
   defining Unicode char U+00C0 (decimal 192)
   defining Unicode char U+00C1 (decimal 193)
   defining Unicode char U+00C2 (decimal 194)
   defining Unicode char U+00C3 (decimal 195)
   defining Unicode char U+00C4 (decimal 196)
   defining Unicode char U+00C5 (decimal 197)
   defining Unicode char U+00C6 (decimal 198)
   defining Unicode char U+00C7 (decimal 199)
   defining Unicode char U+00C8 (decimal 200)
   defining Unicode char U+00C9 (decimal 201)
   defining Unicode char U+00CA (decimal 202)
   defining Unicode char U+00CB (decimal 203)
   defining Unicode char U+00CC (decimal 204)
   defining Unicode char U+00CD (decimal 205)
   defining Unicode char U+00CE (decimal 206)
   defining Unicode char U+00CF (decimal 207)
   defining Unicode char U+00D0 (decimal 208)
   defining Unicode char U+00D1 (decimal 209)
   defining Unicode char U+00D2 (decimal 210)
   defining Unicode char U+00D3 (decimal 211)
   defining Unicode char U+00D4 (decimal 212)
   defining Unicode char U+00D5 (decimal 213)
   defining Unicode char U+00D6 (decimal 214)
   defining Unicode char U+00D8 (decimal 216)
   defining Unicode char U+00D9 (decimal 217)
   defining Unicode char U+00DA (decimal 218)
   defining Unicode char U+00DB (decimal 219)
   defining Unicode char U+00DC (decimal 220)
   defining Unicode char U+00DD (decimal 221)
   defining Unicode char U+00DE (decimal 222)
   defining Unicode char U+00DF (decimal 223)
   defining Unicode char U+00E0 (decimal 224)
   defining Unicode char U+00E1 (decimal 225)
   defining Unicode char U+00E2 (decimal 226)
   defining Unicode char U+00E3 (decimal 227)
   defining Unicode char U+00E4 (decimal 228)
   defining Unicode char U+00E5 (decimal 229)
   defining Unicode char U+00E6 (decimal 230)
   defining Unicode char U+00E7 (decimal 231)
   defining Unicode char U+00E8 (decimal 232)
   defining Unicode char U+00E9 (decimal 233)
   defining Unicode char U+00EA (decimal 234)
   defining Unicode char U+00EB (decimal 235)
   defining Unicode char U+00EC (decimal 236)
   defining Unicode char U+00ED (decimal 237)
   defining Unicode char U+00EE (decimal 238)
   defining Unicode char U+00EF (decimal 239)
   defining Unicode char U+00F0 (decimal 240)
   defining Unicode char U+00F1 (decimal 241)
   defining Unicode char U+00F2 (decimal 242)
   defining Unicode char U+00F3 (decimal 243)
   defining Unicode char U+00F4 (decimal 244)
   defining Unicode char U+00F5 (decimal 245)
   defining Unicode char U+00F6 (decimal 246)
   defining Unicode char U+00F8 (decimal 248)
   defining Unicode char U+00F9 (decimal 249)
   defining Unicode char U+00FA (decimal 250)
   defining Unicode char U+00FB (decimal 251)
   defining Unicode char U+00FC (decimal 252)
   defining Unicode char U+00FD (decimal 253)
   defining Unicode char U+00FE (decimal 254)
   defining Unicode char U+00FF (decimal 255)
   defining Unicode char U+0102 (decimal 258)
   defining Unicode char U+0103 (decimal 259)
   defining Unicode char U+0104 (decimal 260)
   defining Unicode char U+0105 (decimal 261)
   defining Unicode char U+0106 (decimal 262)
   defining Unicode char U+0107 (decimal 263)
   defining Unicode char U+010C (decimal 268)
   defining Unicode char U+010D (decimal 269)
   defining Unicode char U+010E (decimal 270)
   defining Unicode char U+010F (decimal 271)
   defining Unicode char U+0110 (decimal 272)
   defining Unicode char U+0111 (decimal 273)
   defining Unicode char U+0118 (decimal 280)
   defining Unicode char U+0119 (decimal 281)
   defining Unicode char U+011A (decimal 282)
   defining Unicode char U+011B (decimal 283)
   defining Unicode char U+011E (decimal 286)
   defining Unicode char U+011F (decimal 287)
   defining Unicode char U+0130 (decimal 304)
   defining Unicode char U+0131 (decimal 305)
   defining Unicode char U+0132 (decimal 306)
   defining Unicode char U+0133 (decimal 307)
   defining Unicode char U+0139 (decimal 313)
   defining Unicode char U+013A (decimal 314)
   defining Unicode char U+013D (decimal 317)
   defining Unicode char U+013E (decimal 318)
   defining Unicode char U+0141 (decimal 321)
   defining Unicode char U+0142 (decimal 322)
   defining Unicode char U+0143 (decimal 323)
   defining Unicode char U+0144 (decimal 324)
   defining Unicode char U+0147 (decimal 327)
   defining Unicode char U+0148 (decimal 328)
   defining Unicode char U+014A (decimal 330)
   defining Unicode char U+014B (decimal 331)
   defining Unicode char U+0150 (decimal 336)
   defining Unicode char U+0151 (decimal 337)
   defining Unicode char U+0152 (decimal 338)
   defining Unicode char U+0153 (decimal 339)
   defining Unicode char U+0154 (decimal 340)
   defining Unicode char U+0155 (decimal 341)
   defining Unicode char U+0158 (decimal 344)
   defining Unicode char U+0159 (decimal 345)
   defining Unicode char U+015A (decimal 346)
   defining Unicode char U+015B (decimal 347)
   defining Unicode char U+015E (decimal 350)
   defining Unicode char U+015F (decimal 351)
   defining Unicode char U+0160 (decimal 352)
   defining Unicode char U+0161 (decimal 353)
   defining Unicode char U+0162 (decimal 354)
   defining Unicode char U+0163 (decimal 355)
   defining Unicode char U+0164 (decimal 356)
   defining Unicode char U+0165 (decimal 357)
   defining Unicode char U+016E (decimal 366)
   defining Unicode char U+016F (decimal 367)
   defining Unicode char U+0170 (decimal 368)
   defining Unicode char U+0171 (decimal 369)
   defining Unicode char U+0178 (decimal 376)
   defining Unicode char U+0179 (decimal 377)
   defining Unicode char U+017A (decimal 378)
   defining Unicode char U+017B (decimal 379)
   defining Unicode char U+017C (decimal 380)
   defining Unicode char U+017D (decimal 381)
   defining Unicode char U+017E (decimal 382)
   defining Unicode char U+200C (decimal 8204)
   defining Unicode char U+2013 (decimal 8211)
   defining Unicode char U+2014 (decimal 8212)
   defining Unicode char U+2018 (decimal 8216)
   defining Unicode char U+2019 (decimal 8217)
   defining Unicode char U+201A (decimal 8218)
   defining Unicode char U+201C (decimal 8220)
   defining Unicode char U+201D (decimal 8221)
   defining Unicode char U+201E (decimal 8222)
   defining Unicode char U+2030 (decimal 8240)
   defining Unicode char U+2031 (decimal 8241)
   defining Unicode char U+2039 (decimal 8249)
   defining Unicode char U+203A (decimal 8250)
   defining Unicode char U+2423 (decimal 9251)
)
Now handling font encoding OT1 ...
... processing UTF-8 mapping file for font encoding OT1

("C:\Program Files (x86)\MiKTeX 2.9\tex\latex\base\ot1enc.dfu"
File: ot1enc.dfu 2008/04/05 v1.1m UTF-8 support for inputenc
   defining Unicode char U+00A1 (decimal 161)
   defining Unicode char U+00A3 (decimal 163)
   defining Unicode char U+00B8 (decimal 184)
   defining Unicode char U+00BF (decimal 191)
   defining Unicode char U+00C5 (decimal 197)
   defining Unicode char U+00C6 (decimal 198)
   defining Unicode char U+00D8 (decimal 216)
   defining Unicode char U+00DF (decimal 223)
   defining Unicode char U+00E6 (decimal 230)
   defining Unicode char U+00EC (decimal 236)
   defining Unicode char U+00ED (decimal 237)
   defining Unicode char U+00EE (decimal 238)
   defining Unicode char U+00EF (decimal 239)
   defining Unicode char U+00F8 (decimal 248)
   defining Unicode char U+0131 (decimal 305)
   defining Unicode char U+0141 (decimal 321)
   defining Unicode char U+0142 (decimal 322)
   defining Unicode char U+0152 (decimal 338)
   defining Unicode char U+0153 (decimal 339)
   defining Unicode char U+2013 (decimal 8211)
   defining Unicode char U+2014 (decimal 8212)
   defining Unicode char U+2018 (decimal 8216)
   defining Unicode char U+2019 (decimal 8217)
   defining Unicode char U+201C (decimal 8220)
   defining Unicode char U+201D (decimal 8221)
)
Now handling font encoding OMS ...
... processing UTF-8 mapping file for font encoding OMS

("C:\Program Files (x86)\MiKTeX 2.9\tex\latex\base\omsenc.dfu"
File: omsenc.dfu 2008/04/05 v1.1m UTF-8 support for inputenc
   defining Unicode char U+00A7 (decimal 167)
   defining Unicode char U+00B6 (decimal 182)
   defining Unicode char U+00B7 (decimal 183)
   defining Unicode char U+2020 (decimal 8224)
   defining Unicode char U+2021 (decimal 8225)
   defining Unicode char U+2022 (decimal 8226)
)
Now handling font encoding OMX ...
... no UTF-8 mapping file for font encoding OMX
Now handling font encoding U ...
... no UTF-8 mapping file for font encoding U
   defining Unicode char U+00A9 (decimal 169)
   defining Unicode char U+00AA (decimal 170)
   defining Unicode char U+00AE (decimal 174)
   defining Unicode char U+00BA (decimal 186)
   defining Unicode char U+02C6 (decimal 710)
   defining Unicode char U+02DC (decimal 732)
   defining Unicode char U+200C (decimal 8204)
   defining Unicode char U+2026 (decimal 8230)
   defining Unicode char U+2122 (decimal 8482)
   defining Unicode char U+2423 (decimal 9251)
))
("C:\Program Files (x86)\MiKTeX 2.9\tex\generic\babel\babel.sty"
Package: babel 2008/07/08 v3.8m The Babel package

*************************************
* Local config file bblopts.cfg used
*
("C:\Program Files (x86)\MiKTeX 2.9\tex\latex\00miktex\bblopts.cfg"
File: bblopts.cfg 2006/07/31 v1.0 MiKTeX 'babel' configuration
)
("C:\Program Files (x86)\MiKTeX 2.9\tex\generic\babel\portuges.ldf"
Language: portuges 2008/03/18 v1.2q Portuguese support from the babel system

("C:\Program Files (x86)\MiKTeX 2.9\tex\generic\babel\babel.def"
File: babel.def 2008/07/08 v3.8m Babel common definitions
\babel@savecnt=\count90
\U@D=\dimen105
)
\l@brazilian = a dialect from \language\l@portuges 
Package babel Info: Making " an active character on input line 145.
))
("C:\Program Files (x86)\MiKTeX 2.9\tex\latex\tools\enumerate.sty"
Package: enumerate 1999/03/05 v3.00 enumerate extensions (DPC)
\@enLab=\toks20
)
("C:\Program Files (x86)\MiKTeX 2.9\tex\latex\amsmath\amsmath.sty"
Package: amsmath 2013/01/14 v2.14 AMS math features
\@mathmargin=\skip45

For additional information on amsmath, use the `?' option.
("C:\Program Files (x86)\MiKTeX 2.9\tex\latex\amsmath\amstext.sty"
Package: amstext 2000/06/29 v2.01

("C:\Program Files (x86)\MiKTeX 2.9\tex\latex\amsmath\amsgen.sty"
File: amsgen.sty 1999/11/30 v2.0
\@emptytoks=\toks21
\ex@=\dimen106
))
("C:\Program Files (x86)\MiKTeX 2.9\tex\latex\amsmath\amsbsy.sty"
Package: amsbsy 1999/11/29 v1.2d
\pmbraise@=\dimen107
)
("C:\Program Files (x86)\MiKTeX 2.9\tex\latex\amsmath\amsopn.sty"
Package: amsopn 1999/12/14 v2.01 operator names
)
\inf@bad=\count91
LaTeX Info: Redefining \frac on input line 210.
\uproot@=\count92
\leftroot@=\count93
LaTeX Info: Redefining \overline on input line 306.
\classnum@=\count94
\DOTSCASE@=\count95
LaTeX Info: Redefining \ldots on input line 378.
LaTeX Info: Redefining \dots on input line 381.
LaTeX Info: Redefining \cdots on input line 466.
\Mathstrutbox@=\box29
\strutbox@=\box30
\big@size=\dimen108
LaTeX Font Info:    Redeclaring font encoding OML on input line 566.
LaTeX Font Info:    Redeclaring font encoding OMS on input line 567.
\macc@depth=\count96
\c@MaxMatrixCols=\count97
\dotsspace@=\muskip10
\c@parentequation=\count98
\dspbrk@lvl=\count99
\tag@help=\toks22
\row@=\count100
\column@=\count101
\maxfields@=\count102
\andhelp@=\toks23
\eqnshift@=\dimen109
\alignsep@=\dimen110
\tagshift@=\dimen111
\tagwidth@=\dimen112
\totwidth@=\dimen113
\lineht@=\dimen114
\@envbody=\toks24
\multlinegap=\skip46
\multlinetaggap=\skip47
\mathdisplay@stack=\toks25
LaTeX Info: Redefining \[ on input line 2665.
LaTeX Info: Redefining \] on input line 2666.
)
("C:\Program Files (x86)\MiKTeX 2.9\tex\latex\amsfonts\amssymb.sty"
Package: amssymb 2013/01/14 v3.01 AMS font symbols

("C:\Program Files (x86)\MiKTeX 2.9\tex\latex\amsfonts\amsfonts.sty"
Package: amsfonts 2013/01/14 v3.01 Basic AMSFonts support
\symAMSa=\mathgroup4
\symAMSb=\mathgroup5
LaTeX Font Info:    Overwriting math alphabet `\mathfrak' in version `bold'
(Font)                  U/euf/m/n --> U/euf/b/n on input line 106.
))
("C:\Program Files (x86)\MiKTeX 2.9\tex\latex\amscls\amsthm.sty"
Package: amsthm 2004/08/06 v2.20
\thm@style=\toks26
\thm@bodyfont=\toks27
\thm@headfont=\toks28
\thm@notefont=\toks29
\thm@headpunct=\toks30
\thm@preskip=\skip48
\thm@postskip=\skip49
\thm@headsep=\skip50
\dth@everypar=\toks31
)
("C:\Program Files (x86)\MiKTeX 2.9\tex\latex\tools\array.sty"
Package: array 2008/09/09 v2.4c Tabular extension package (FMi)
\col@sep=\dimen115
\extrarowheight=\dimen116
\NC@list=\toks32
\extratabsurround=\skip51
\backup@length=\skip52
)
("C:\Program Files (x86)\MiKTeX 2.9\tex\latex\graphics\color.sty"
Package: color 2005/11/14 v1.0j Standard LaTeX Color (DPC)

("C:\Program Files (x86)\MiKTeX 2.9\tex\latex\00miktex\color.cfg"
File: color.cfg 2007/01/18 v1.5 color configuration of teTeX/TeXLive
)
Package color Info: Driver file: pdftex.def on input line 130.
)
("C:\Program Files (x86)\MiKTeX 2.9\tex\latex\colortbl\colortbl.sty"
Package: colortbl 2012/02/13 v1.0a Color table columns (DPC)
\everycr=\toks33
\minrowclearance=\skip53
)
("C:\Program Files (x86)\MiKTeX 2.9\tex\latex\multirow\multirow.sty"
\bigstrutjot=\dimen117
)
("C:\Program Files (x86)\MiKTeX 2.9\tex\latex\tools\tabularx.sty"
Package: tabularx 1999/01/07 v2.07 `tabularx' package (DPC)
\TX@col@width=\dimen118
\TX@old@table=\dimen119
\TX@old@col=\dimen120
\TX@target=\dimen121
\TX@delta=\dimen122
\TX@cols=\count103
\TX@ftn=\toks34
)
("C:\Program Files (x86)\MiKTeX 2.9\tex\latex\supertabular\supertabular.sty"
Package: supertabular 2004/02/20 v4.1e the supertabular environment
\c@tracingst=\count104
\ST@wd=\dimen123
\ST@rightskip=\skip54
\ST@leftskip=\skip55
\ST@parfillskip=\skip56
\ST@pageleft=\dimen124
\ST@headht=\dimen125
\ST@tailht=\dimen126
\ST@pagesofar=\dimen127
\ST@pboxht=\dimen128
\ST@lineht=\dimen129
\ST@stretchht=\dimen130
\ST@prevht=\dimen131
\ST@toadd=\dimen132
\ST@dimen=\dimen133
\ST@pbox=\box31
)
("C:\Program Files (x86)\MiKTeX 2.9\tex\latex\psnfss\palatino.sty"
Package: palatino 2005/04/12 PSNFSS-v9.2a (SPQR) 
)
("C:\Program Files (x86)\MiKTeX 2.9\tex\latex\psnfss\mathpazo.sty"
Package: mathpazo 2005/04/12 PSNFSS-v9.2a Palatino w/ Pazo Math (D.Puga, WaS) 
\symupright=\mathgroup6
)
("C:\Program Files (x86)\MiKTeX 2.9\tex\latex\tools\afterpage.sty"
Package: afterpage 1995/10/27 v1.08 After-Page Package (DPC)
\AP@output=\toks35
\AP@partial=\box32
\AP@footins=\box33
)
("C:\Program Files (x86)\MiKTeX 2.9\tex\latex\base\textcomp.sty"
Package: textcomp 2005/09/27 v1.99g Standard LaTeX package
Package textcomp Info: Sub-encoding information:
(textcomp)               5 = only ISO-Adobe without \textcurrency
(textcomp)               4 = 5 + \texteuro
(textcomp)               3 = 4 + \textohm
(textcomp)               2 = 3 + \textestimated + \textcurrency
(textcomp)               1 = TS1 - \textcircled - \t
(textcomp)               0 = TS1 (full)
(textcomp)             Font families with sub-encoding setting implement
(textcomp)             only a restricted character set as indicated.
(textcomp)             Family '?' is the default used for unknown fonts.
(textcomp)             See the documentation for details.
Package textcomp Info: Setting ? sub-encoding to TS1/1 on input line 71.

("C:\Program Files (x86)\MiKTeX 2.9\tex\latex\base\ts1enc.def"
File: ts1enc.def 2001/06/05 v3.0e (jk/car/fm) Standard LaTeX file
Now handling font encoding TS1 ...
... processing UTF-8 mapping file for font encoding TS1

("C:\Program Files (x86)\MiKTeX 2.9\tex\latex\base\ts1enc.dfu"
File: ts1enc.dfu 2008/04/05 v1.1m UTF-8 support for inputenc
   defining Unicode char U+00A2 (decimal 162)
   defining Unicode char U+00A3 (decimal 163)
   defining Unicode char U+00A4 (decimal 164)
   defining Unicode char U+00A5 (decimal 165)
   defining Unicode char U+00A6 (decimal 166)
   defining Unicode char U+00A7 (decimal 167)
   defining Unicode char U+00A8 (decimal 168)
   defining Unicode char U+00A9 (decimal 169)
   defining Unicode char U+00AA (decimal 170)
   defining Unicode char U+00AC (decimal 172)
   defining Unicode char U+00AE (decimal 174)
   defining Unicode char U+00AF (decimal 175)
   defining Unicode char U+00B0 (decimal 176)
   defining Unicode char U+00B1 (decimal 177)
   defining Unicode char U+00B2 (decimal 178)
   defining Unicode char U+00B3 (decimal 179)
   defining Unicode char U+00B4 (decimal 180)
   defining Unicode char U+00B5 (decimal 181)
   defining Unicode char U+00B6 (decimal 182)
   defining Unicode char U+00B7 (decimal 183)
   defining Unicode char U+00B9 (decimal 185)
   defining Unicode char U+00BA (decimal 186)
   defining Unicode char U+00BC (decimal 188)
   defining Unicode char U+00BD (decimal 189)
   defining Unicode char U+00BE (decimal 190)
   defining Unicode char U+00D7 (decimal 215)
   defining Unicode char U+00F7 (decimal 247)
   defining Unicode char U+0192 (decimal 402)
   defining Unicode char U+02C7 (decimal 711)
   defining Unicode char U+02D8 (decimal 728)
   defining Unicode char U+02DD (decimal 733)
   defining Unicode char U+0E3F (decimal 3647)
   defining Unicode char U+2016 (decimal 8214)
   defining Unicode char U+2020 (decimal 8224)
   defining Unicode char U+2021 (decimal 8225)
   defining Unicode char U+2022 (decimal 8226)
   defining Unicode char U+2030 (decimal 8240)
   defining Unicode char U+2031 (decimal 8241)
   defining Unicode char U+203B (decimal 8251)
   defining Unicode char U+203D (decimal 8253)
   defining Unicode char U+2044 (decimal 8260)
   defining Unicode char U+204E (decimal 8270)
   defining Unicode char U+2052 (decimal 8274)
   defining Unicode char U+20A1 (decimal 8353)
   defining Unicode char U+20A4 (decimal 8356)
   defining Unicode char U+20A6 (decimal 8358)
   defining Unicode char U+20A9 (decimal 8361)
   defining Unicode char U+20AB (decimal 8363)
   defining Unicode char U+20AC (decimal 8364)
   defining Unicode char U+20B1 (decimal 8369)
   defining Unicode char U+2103 (decimal 8451)
   defining Unicode char U+2116 (decimal 8470)
   defining Unicode char U+2117 (decimal 8471)
   defining Unicode char U+211E (decimal 8478)
   defining Unicode char U+2120 (decimal 8480)
   defining Unicode char U+2122 (decimal 8482)
   defining Unicode char U+2126 (decimal 8486)
   defining Unicode char U+2127 (decimal 8487)
   defining Unicode char U+212E (decimal 8494)
   defining Unicode char U+2190 (decimal 8592)
   defining Unicode char U+2191 (decimal 8593)
   defining Unicode char U+2192 (decimal 8594)
   defining Unicode char U+2193 (decimal 8595)
   defining Unicode char U+2329 (decimal 9001)
   defining Unicode char U+232A (decimal 9002)
   defining Unicode char U+2422 (decimal 9250)
   defining Unicode char U+25E6 (decimal 9702)
   defining Unicode char U+25EF (decimal 9711)
   defining Unicode char U+266A (decimal 9834)
))
LaTeX Info: Redefining \oldstylenums on input line 266.
Package textcomp Info: Setting cmr sub-encoding to TS1/0 on input line 281.
Package textcomp Info: Setting cmss sub-encoding to TS1/0 on input line 282.
Package textcomp Info: Setting cmtt sub-encoding to TS1/0 on input line 283.
Package textcomp Info: Setting cmvtt sub-encoding to TS1/0 on input line 284.
Package textcomp Info: Setting cmbr sub-encoding to TS1/0 on input line 285.
Package textcomp Info: Setting cmtl sub-encoding to TS1/0 on input line 286.
Package textcomp Info: Setting ccr sub-encoding to TS1/0 on input line 287.
Package textcomp Info: Setting ptm sub-encoding to TS1/4 on input line 288.
Package textcomp Info: Setting pcr sub-encoding to TS1/4 on input line 289.
Package textcomp Info: Setting phv sub-encoding to TS1/4 on input line 290.
Package textcomp Info: Setting ppl sub-encoding to TS1/3 on input line 291.
Package textcomp Info: Setting pag sub-encoding to TS1/4 on input line 292.
Package textcomp Info: Setting pbk sub-encoding to TS1/4 on input line 293.
Package textcomp Info: Setting pnc sub-encoding to TS1/4 on input line 294.
Package textcomp Info: Setting pzc sub-encoding to TS1/4 on input line 295.
Package textcomp Info: Setting bch sub-encoding to TS1/4 on input line 296.
Package textcomp Info: Setting put sub-encoding to TS1/5 on input line 297.
Package textcomp Info: Setting uag sub-encoding to TS1/5 on input line 298.
Package textcomp Info: Setting ugq sub-encoding to TS1/5 on input line 299.
Package textcomp Info: Setting ul8 sub-encoding to TS1/4 on input line 300.
Package textcomp Info: Setting ul9 sub-encoding to TS1/4 on input line 301.
Package textcomp Info: Setting augie sub-encoding to TS1/5 on input line 302.
Package textcomp Info: Setting dayrom sub-encoding to TS1/3 on input line 303.
Package textcomp Info: Setting dayroms sub-encoding to TS1/3 on input line 304.

Package textcomp Info: Setting pxr sub-encoding to TS1/0 on input line 305.
Package textcomp Info: Setting pxss sub-encoding to TS1/0 on input line 306.
Package textcomp Info: Setting pxtt sub-encoding to TS1/0 on input line 307.
Package textcomp Info: Setting txr sub-encoding to TS1/0 on input line 308.
Package textcomp Info: Setting txss sub-encoding to TS1/0 on input line 309.
Package textcomp Info: Setting txtt sub-encoding to TS1/0 on input line 310.
Package textcomp Info: Setting lmr sub-encoding to TS1/0 on input line 311.
Package textcomp Info: Setting lmdh sub-encoding to TS1/0 on input line 312.
Package textcomp Info: Setting lmss sub-encoding to TS1/0 on input line 313.
Package textcomp Info: Setting lmssq sub-encoding to TS1/0 on input line 314.
Package textcomp Info: Setting lmvtt sub-encoding to TS1/0 on input line 315.
Package textcomp Info: Setting qhv sub-encoding to TS1/0 on input line 316.
Package textcomp Info: Setting qag sub-encoding to TS1/0 on input line 317.
Package textcomp Info: Setting qbk sub-encoding to TS1/0 on input line 318.
Package textcomp Info: Setting qcr sub-encoding to TS1/0 on input line 319.
Package textcomp Info: Setting qcs sub-encoding to TS1/0 on input line 320.
Package textcomp Info: Setting qpl sub-encoding to TS1/0 on input line 321.
Package textcomp Info: Setting qtm sub-encoding to TS1/0 on input line 322.
Package textcomp Info: Setting qzc sub-encoding to TS1/0 on input line 323.
Package textcomp Info: Setting qhvc sub-encoding to TS1/0 on input line 324.
Package textcomp Info: Setting futs sub-encoding to TS1/4 on input line 325.
Package textcomp Info: Setting futx sub-encoding to TS1/4 on input line 326.
Package textcomp Info: Setting futj sub-encoding to TS1/4 on input line 327.
Package textcomp Info: Setting hlh sub-encoding to TS1/3 on input line 328.
Package textcomp Info: Setting hls sub-encoding to TS1/3 on input line 329.
Package textcomp Info: Setting hlst sub-encoding to TS1/3 on input line 330.
Package textcomp Info: Setting hlct sub-encoding to TS1/5 on input line 331.
Package textcomp Info: Setting hlx sub-encoding to TS1/5 on input line 332.
Package textcomp Info: Setting hlce sub-encoding to TS1/5 on input line 333.
Package textcomp Info: Setting hlcn sub-encoding to TS1/5 on input line 334.
Package textcomp Info: Setting hlcw sub-encoding to TS1/5 on input line 335.
Package textcomp Info: Setting hlcf sub-encoding to TS1/5 on input line 336.
Package textcomp Info: Setting pplx sub-encoding to TS1/3 on input line 337.
Package textcomp Info: Setting pplj sub-encoding to TS1/3 on input line 338.
Package textcomp Info: Setting ptmx sub-encoding to TS1/4 on input line 339.
Package textcomp Info: Setting ptmj sub-encoding to TS1/4 on input line 340.
)
("C:\Program Files (x86)\MiKTeX 2.9\tex\latex\listings\listings.sty"
\lst@mode=\count105
\lst@gtempboxa=\box34
\lst@token=\toks36
\lst@length=\count106
\lst@currlwidth=\dimen134
\lst@column=\count107
\lst@pos=\count108
\lst@lostspace=\dimen135
\lst@width=\dimen136
\lst@newlines=\count109
\lst@lineno=\count110
\lst@maxwidth=\dimen137

("C:\Program Files (x86)\MiKTeX 2.9\tex\latex\listings\lstmisc.sty"
File: lstmisc.sty 2014/03/04 1.5c (Carsten Heinz)
\c@lstnumber=\count111
\lst@skipnumbers=\count112
\lst@framebox=\box35
)
("C:\Program Files (x86)\MiKTeX 2.9\tex\latex\listings\listings.cfg"
File: listings.cfg 2014/03/04 1.5c listings configuration
))
Package: listings 2014/03/04 1.5c (Carsten Heinz)

("C:\Program Files (x86)\MiKTeX 2.9\tex\latex\eso-pic\eso-pic.sty"
Package: eso-pic 2013/10/06 v2.0d eso-pic (RN)

("C:\Program Files (x86)\MiKTeX 2.9\tex\generic\oberdiek\atbegshi.sty"
Package: atbegshi 2011/10/05 v1.16 At begin shipout hook (HO)

("C:\Program Files (x86)\MiKTeX 2.9\tex\generic\oberdiek\ifpdf.sty"
Package: ifpdf 2011/01/30 v2.3 Provides the ifpdf switch (HO)
Package ifpdf Info: pdfTeX in PDF mode is detected.
)))
("C:\Program Files (x86)\MiKTeX 2.9\tex\latex\fancyhdr\fancyhdr.sty"
\fancy@headwidth=\skip57
\f@ncyO@elh=\skip58
\f@ncyO@erh=\skip59
\f@ncyO@olh=\skip60
\f@ncyO@orh=\skip61
\f@ncyO@elf=\skip62
\f@ncyO@erf=\skip63
\f@ncyO@olf=\skip64
\f@ncyO@orf=\skip65
)
("C:\Program Files (x86)\MiKTeX 2.9\tex\latex\hyperref\hyperref.sty"
Package: hyperref 2012/11/06 v6.83m Hypertext links for LaTeX

("C:\Program Files (x86)\MiKTeX 2.9\tex\generic\oberdiek\hobsub-hyperref.sty"
Package: hobsub-hyperref 2012/04/25 v1.12 Bundle oberdiek, subset hyperref (HO)


("C:\Program Files (x86)\MiKTeX 2.9\tex\generic\oberdiek\hobsub-generic.sty"
Package: hobsub-generic 2012/04/25 v1.12 Bundle oberdiek, subset generic (HO)
Package: hobsub 2012/04/25 v1.12 Construct package bundles (HO)
Package hobsub Info: Skipping package `infwarerr' (already loaded).
Package hobsub Info: Skipping package `ltxcmds' (already loaded).
Package: ifluatex 2010/03/01 v1.3 Provides the ifluatex switch (HO)
Package ifluatex Info: LuaTeX not detected.
Package: ifvtex 2010/03/01 v1.5 Detect VTeX and its facilities (HO)
Package ifvtex Info: VTeX not detected.
Package: intcalc 2007/09/27 v1.1 Expandable calculations with integers (HO)
Package hobsub Info: Skipping package `ifpdf' (already loaded).
Package: etexcmds 2011/02/16 v1.5 Avoid name clashes with e-TeX commands (HO)
Package etexcmds Info: Could not find \expanded.
(etexcmds)             That can mean that you are not using pdfTeX 1.50 or
(etexcmds)             that some package has redefined \expanded.
(etexcmds)             In the latter case, load this package earlier.
Package: kvsetkeys 2012/04/25 v1.16 Key value parser (HO)
Package: kvdefinekeys 2011/04/07 v1.3 Define keys (HO)
Package: pdftexcmds 2011/11/29 v0.20 Utility functions of pdfTeX for LuaTeX (HO
)
Package pdftexcmds Info: LuaTeX not detected.
Package pdftexcmds Info: \pdf@primitive is available.
Package pdftexcmds Info: \pdf@ifprimitive is available.
Package pdftexcmds Info: \pdfdraftmode found.
Package: pdfescape 2011/11/25 v1.13 Implements pdfTeX's escape features (HO)
Package: bigintcalc 2012/04/08 v1.3 Expandable calculations on big integers (HO
)
Package: bitset 2011/01/30 v1.1 Handle bit-vector datatype (HO)
Package: uniquecounter 2011/01/30 v1.2 Provide unlimited unique counter (HO)
)
Package hobsub Info: Skipping package `hobsub' (already loaded).
Package: letltxmacro 2010/09/02 v1.4 Let assignment for LaTeX macros (HO)
Package: hopatch 2011/06/24 v1.1 Wrapper for package hooks (HO)
Package: xcolor-patch 2011/01/30 xcolor patch
Package: atveryend 2011/06/30 v1.8 Hooks at the very end of document (HO)
Package atveryend Info: \AP@enddocument detected (standard20110627).
Package hobsub Info: Skipping package `atbegshi' (already loaded).
Package: refcount 2011/10/16 v3.4 Data extraction from label references (HO)
Package: hycolor 2011/01/30 v1.7 Color options for hyperref/bookmark (HO)
)
("C:\Program Files (x86)\MiKTeX 2.9\tex\generic\ifxetex\ifxetex.sty"
Package: ifxetex 2010/09/12 v0.6 Provides ifxetex conditional
)
("C:\Program Files (x86)\MiKTeX 2.9\tex\latex\oberdiek\auxhook.sty"
Package: auxhook 2011/03/04 v1.3 Hooks for auxiliary files (HO)
)
("C:\Program Files (x86)\MiKTeX 2.9\tex\latex\oberdiek\kvoptions.sty"
Package: kvoptions 2011/06/30 v3.11 Key value format for package options (HO)
)
\@linkdim=\dimen138
\Hy@linkcounter=\count113
\Hy@pagecounter=\count114

("C:\Program Files (x86)\MiKTeX 2.9\tex\latex\hyperref\pd1enc.def"
File: pd1enc.def 2012/11/06 v6.83m Hyperref: PDFDocEncoding definition (HO)
Now handling font encoding PD1 ...
... no UTF-8 mapping file for font encoding PD1
)
\Hy@SavedSpaceFactor=\count115

("C:\Program Files (x86)\MiKTeX 2.9\tex\latex\00miktex\hyperref.cfg"
File: hyperref.cfg 2002/06/06 v1.2 hyperref configuration of TeXLive
)
Package hyperref Info: Option `draft' set `false' on input line 4319.
Package hyperref Info: Hyper figures OFF on input line 4443.
Package hyperref Info: Link nesting OFF on input line 4448.
Package hyperref Info: Hyper index ON on input line 4451.
Package hyperref Info: Plain pages OFF on input line 4458.
Package hyperref Info: Backreferencing ON on input line 4461.
Package hyperref Info: Implicit mode ON; LaTeX internals redefined.
Package hyperref Info: Bookmarks ON on input line 4688.

("C:\Program Files (x86)\MiKTeX 2.9\tex\latex\hyperref\backref.sty"
Package: backref 2012/07/25 v1.38 Bibliographical back referencing

("C:\Program Files (x86)\MiKTeX 2.9\tex\latex\oberdiek\rerunfilecheck.sty"
Package: rerunfilecheck 2011/04/15 v1.7 Rerun checks for auxiliary files (HO)
Package uniquecounter Info: New unique counter `rerunfilecheck' on input line 2
82.
))
\c@Hy@tempcnt=\count116

("C:\Program Files (x86)\MiKTeX 2.9\tex\latex\url\url.sty"
\Urlmuskip=\muskip11
Package: url 2013/09/16  ver 3.4  Verb mode for urls, etc.
)
LaTeX Info: Redefining \url on input line 5041.
\XeTeXLinkMargin=\dimen139
\Fld@menulength=\count117
\Field@Width=\dimen140
\Fld@charsize=\dimen141
Package hyperref Info: Hyper figures OFF on input line 6295.
Package hyperref Info: Link nesting OFF on input line 6300.
Package hyperref Info: Hyper index ON on input line 6303.
Package hyperref Info: backreferencing ON on input line 6308.
Package hyperref Info: Link coloring OFF on input line 6315.
Package hyperref Info: Link coloring with OCG OFF on input line 6320.
Package hyperref Info: PDF/A mode OFF on input line 6325.
LaTeX Info: Redefining \ref on input line 6365.
LaTeX Info: Redefining \pageref on input line 6369.
\Hy@abspage=\count118
\c@Item=\count119
\c@Hfootnote=\count120
)

Package hyperref Message: Driver (autodetected): hpdftex.

("C:\Program Files (x86)\MiKTeX 2.9\tex\latex\hyperref\hpdftex.def"
File: hpdftex.def 2012/11/06 v6.83m Hyperref driver for pdfTeX
\Fld@listcount=\count121
\c@bookmark@seq@number=\count122
\Hy@SectionHShift=\skip66
)
("C:\Program Files (x86)\MiKTeX 2.9\tex\latex\beamer\base\multimedia\multimedia
.sty"
Package: multimedia 2012/05/02 ver 0.02
\mm@movie=\count123
) (C:\Users\Renan\git\OpenLEAD\ROSA-Relatorio_Eletronica\mytranslator.sty)
Package color Info: Redefining color red on input line 133.
Package color Info: Redefining color green on input line 134.
Package color Info: Redefining color blue on input line 135.
Package color Info: Redefining color yellow on input line 137.
Package color Info: Redefining color magenta on input line 138.
Package color Info: Redefining color cyan on input line 139.
Package hyperref Info: Option `breaklinks' set `true' on input line 193.
Package hyperref Info: Option `colorlinks' set `true' on input line 193.
\c@equationnumber=\count124
\mytabrule=\skip67
\myboxrule=\skip68
) ("C:\Program Files (x86)\MiKTeX 2.9\tex\latex\oberdiek\pdflscape.sty"
Package: pdflscape 2008/08/11 v0.10 Display of landscape pages in PDF (HO)

("C:\Program Files (x86)\MiKTeX 2.9\tex\latex\graphics\lscape.sty"
Package: lscape 2000/10/22 v3.01 Landscape Pages (DPC)
)
Package pdflscape Info: Auto-detected driver: pdftex on input line 80.
)
("C:\Program Files (x86)\MiKTeX 2.9\tex\latex\pdfpages\pdfpages.sty"
Package: pdfpages 2013/08/25 v0.4v Insert pages of external PDF documents (AM)

("C:\Program Files (x86)\MiKTeX 2.9\tex\latex\tools\calc.sty"
Package: calc 2007/08/22 v4.3 Infix arithmetic (KKT,FJ)
\calc@Acount=\count125
\calc@Bcount=\count126
\calc@Adimen=\dimen142
\calc@Bdimen=\dimen143
\calc@Askip=\skip69
\calc@Bskip=\skip70
LaTeX Info: Redefining \setlength on input line 76.
LaTeX Info: Redefining \addtolength on input line 77.
\calc@Ccount=\count127
\calc@Cskip=\skip71
)
("C:\Program Files (x86)\MiKTeX 2.9\tex\latex\pdfpages\pppdftex.def"
File: pppdftex.def 2013/08/25 v0.4v Pdfpages driver for pdfTeX (AM)
)
\AM@pagebox=\box36
\AM@toc@title=\toks37
\c@AM@survey=\count128
\AM@templatesizebox=\box37
)
("C:\Program Files (x86)\MiKTeX 2.9\tex\latex\appendix\appendix.sty"
Package: appendix 2009/09/02 v1.2b extra appendix facilities
\c@@pps=\count129
\c@@ppsavesec=\count130
\c@@ppsaveapp=\count131
)
(C:\Users\Renan\git\OpenLEAD\ROSA-Relatorio_Eletronica\master.aux
(C:\Users\Renan\git\OpenLEAD\ROSA-Relatorio_Eletronica\01_frontpage.aux)
(C:\Users\Renan\git\OpenLEAD\ROSA-Relatorio_Eletronica\01_header.aux)
(C:\Users\Renan\git\OpenLEAD\ROSA-Relatorio_Eletronica\02_propostas.aux)
(C:\Users\Renan\git\OpenLEAD\ROSA-Relatorio_Eletronica\03_proposta1.aux

LaTeX Warning: Label `fig:FL:1' multiply defined.


LaTeX Warning: Label `fig:ES:1' multiply defined.

) (C:\Users\Renan\git\OpenLEAD\ROSA-Relatorio_Eletronica\04_proposta2.aux)
(C:\Users\Renan\git\OpenLEAD\ROSA-Relatorio_Eletronica\05_proposta3.aux)
(C:\Users\Renan\git\OpenLEAD\ROSA-Relatorio_Eletronica\06_conclusao.aux)
(C:\Users\Renan\git\OpenLEAD\ROSA-Relatorio_Eletronica\07_anexo.aux))
LaTeX Font Info:    Checking defaults for OML/cmm/m/it on input line 62.
LaTeX Font Info:    ... okay on input line 62.
LaTeX Font Info:    Checking defaults for T1/cmr/m/n on input line 62.
LaTeX Font Info:    ... okay on input line 62.
LaTeX Font Info:    Checking defaults for OT1/cmr/m/n on input line 62.
LaTeX Font Info:    ... okay on input line 62.
LaTeX Font Info:    Checking defaults for OMS/cmsy/m/n on input line 62.
LaTeX Font Info:    ... okay on input line 62.
LaTeX Font Info:    Checking defaults for OMX/cmex/m/n on input line 62.
LaTeX Font Info:    ... okay on input line 62.
LaTeX Font Info:    Checking defaults for U/cmr/m/n on input line 62.
LaTeX Font Info:    ... okay on input line 62.
LaTeX Font Info:    Checking defaults for TS1/cmr/m/n on input line 62.
LaTeX Font Info:    Try loading font information for TS1+cmr on input line 62.

("C:\Program Files (x86)\MiKTeX 2.9\tex\latex\base\ts1cmr.fd"
File: ts1cmr.fd 1999/05/25 v2.5h Standard LaTeX font definitions
)
LaTeX Font Info:    ... okay on input line 62.
LaTeX Font Info:    Checking defaults for PD1/pdf/m/n on input line 62.
LaTeX Font Info:    ... okay on input line 62.
LaTeX Font Info:    Try loading font information for OT1+ppl on input line 62.

("C:\Program Files (x86)\MiKTeX 2.9\tex\latex\psnfss\ot1ppl.fd"
File: ot1ppl.fd 2001/06/04 font definitions for OT1/ppl.
)
("C:\Program Files (x86)\MiKTeX 2.9\tex\context\base\supp-pdf.mkii"
[Loading MPS to PDF converter (version 2006.09.02).]
\scratchcounter=\count132
\scratchdimen=\dimen144
\scratchbox=\box38
\nofMPsegments=\count133
\nofMParguments=\count134
\everyMPshowfont=\toks38
\MPscratchCnt=\count135
\MPscratchDim=\dimen145
\MPnumerator=\count136
\makeMPintoPDFobject=\count137
\everyMPtoPDFconversion=\toks39
)
\c@lstlisting=\count138
\AtBeginShipoutBox=\box39
Package hyperref Info: Link coloring ON on input line 62.
 ("C:\Program Files (x86)\MiKTeX 2.9\tex\latex\hyperref\nameref.sty"
Package: nameref 2012/10/27 v2.43 Cross-referencing by name of section

("C:\Program Files (x86)\MiKTeX 2.9\tex\generic\oberdiek\gettitlestring.sty"
Package: gettitlestring 2010/12/03 v1.4 Cleanup title references (HO)
)
\c@section@level=\count139
)
LaTeX Info: Redefining \ref on input line 62.
LaTeX Info: Redefining \pageref on input line 62.
LaTeX Info: Redefining \nameref on input line 62.

(C:\Users\Renan\git\OpenLEAD\ROSA-Relatorio_Eletronica\master.out)
(C:\Users\Renan\git\OpenLEAD\ROSA-Relatorio_Eletronica\master.out)
\@outlinefile=\write3

(C:\Users\Renan\git\OpenLEAD\ROSA-Relatorio_Eletronica\01_frontpage.tex
Package hyperref Info: Option `pageanchor' set `false' on input line 38.

<figs/logo/lead-logo.pdf, id=88, 369.38pt x 141.52875pt>
File: figs/logo/lead-logo.pdf Graphic file (type pdf)

<use figs/logo/lead-logo.pdf>
Package pdftex.def Info: figs/logo/lead-logo.pdf used on input line 47.
(pdftex.def)             Requested size: 117.00119pt x 44.82797pt.
LaTeX Font Info:    Try loading font information for OML+zplm on input line 49.


("C:\Program Files (x86)\MiKTeX 2.9\tex\latex\psnfss\omlzplm.fd"
File: omlzplm.fd 2002/09/08 Fontinst v1.914 font definitions for OML/zplm.
)
LaTeX Font Info:    Try loading font information for OMS+zplm on input line 49.


("C:\Program Files (x86)\MiKTeX 2.9\tex\latex\psnfss\omszplm.fd"
File: omszplm.fd 2002/09/08 Fontinst v1.914 font definitions for OMS/zplm.
)
LaTeX Font Info:    Try loading font information for OMX+zplm on input line 49.


("C:\Program Files (x86)\MiKTeX 2.9\tex\latex\psnfss\omxzplm.fd"
File: omxzplm.fd 2002/09/08 Fontinst v1.914 font definitions for OMX/zplm.
)
LaTeX Font Info:    Font shape `U/msa/m/n' will be
(Font)              scaled to size 11.40997pt on input line 49.
LaTeX Font Info:    Font shape `U/msa/m/n' will be
(Font)              scaled to size 8.33606pt on input line 49.
LaTeX Font Info:    Font shape `U/msa/m/n' will be
(Font)              scaled to size 6.25204pt on input line 49.
LaTeX Font Info:    Font shape `U/msb/m/n' will be
(Font)              scaled to size 11.40997pt on input line 49.
LaTeX Font Info:    Font shape `U/msb/m/n' will be
(Font)              scaled to size 8.33606pt on input line 49.
LaTeX Font Info:    Font shape `U/msb/m/n' will be
(Font)              scaled to size 6.25204pt on input line 49.
LaTeX Font Info:    Try loading font information for OT1+zplm on input line 49.


("C:\Program Files (x86)\MiKTeX 2.9\tex\latex\psnfss\ot1zplm.fd"
File: ot1zplm.fd 2002/09/08 Fontinst v1.914 font definitions for OT1/zplm.
)
Underfull \hbox (badness 10000) in paragraph at lines 42--50

 []

<figs/logo/esbr-logo.png, id=89, 2135.98pt x 868.24374pt>
File: figs/logo/esbr-logo.png Graphic file (type png)

<use figs/logo/esbr-logo.png>
Package pdftex.def Info: figs/logo/esbr-logo.png used on input line 58.
(pdftex.def)             Requested size: 117.00119pt x 47.5482pt.

<figs/logo/aneel-logo.pdf, id=91, 405.91649pt x 155.6214pt>
File: figs/logo/aneel-logo.pdf Graphic file (type pdf)

<use figs/logo/aneel-logo.pdf>
Package pdftex.def Info: figs/logo/aneel-logo.pdf used on input line 59.
(pdftex.def)             Requested size: 117.00119pt x 44.85596pt.

Underfull \hbox (badness 10000) in paragraph at lines 53--63

 []

LaTeX Font Info:    Font shape `OT1/ppl/bx/n' in size <10.95> not available
(Font)              Font shape `OT1/ppl/b/n' tried instead on input line 69.
LaTeX Font Info:    Font shape `OT1/ppl/bx/n' in size <14.4> not available
(Font)              Font shape `OT1/ppl/b/n' tried instead on input line 69.

Overfull \hbox (40.55945pt too wide) in paragraph at lines 68--79
 [][][] 
 []

[0


{C:/ProgramData/MiKTeX/2.9/pdftex/config/pdftex.map} <C:/Users/Renan/git/OpenLE
AD/ROSA-Relatorio_Eletronica/figs/logo/lead-logo.pdf> <C:/Users/Renan/git/OpenL
EAD/ROSA-Relatorio_Eletronica/figs/logo/esbr-logo.png> <C:/Users/Renan/git/Open
LEAD/ROSA-Relatorio_Eletronica/figs/logo/aneel-logo.pdf>] [0

]
Package hyperref Info: Option `pageanchor' set `true' on input line 129.
)
(C:\Users\Renan\git\OpenLEAD\ROSA-Relatorio_Eletronica\01_header.tex)
(C:\Users\Renan\git\OpenLEAD\ROSA-Relatorio_Eletronica\master.toc)
\tf@toc=\write4

(C:\Users\Renan\git\OpenLEAD\ROSA-Relatorio_Eletronica\master.lof [1



])
\tf@lof=\write5
 [2]
(C:\Users\Renan\git\OpenLEAD\ROSA-Relatorio_Eletronica\02_propostas.tex)
[3

] (C:\Users\Renan\git\OpenLEAD\ROSA-Relatorio_Eletronica\03_proposta1.tex
LaTeX Font Info:    Font shape `OT1/ppl/bx/n' in size <12> not available
(Font)              Font shape `OT1/ppl/b/n' tried instead on input line 20.

<figs/eletronica/placav1.png, id=192, 712.91344pt x 714.41907pt>
File: figs/eletronica/placav1.png Graphic file (type png)

<use figs/eletronica/placav1.png>
Package pdftex.def Info: figs/eletronica/placav1.png used on input line 53.
(pdftex.def)             Requested size: 390.0pt x 390.81688pt.
 [4


]
<figs/eletronica/alimv1.png, id=198, 591.71063pt x 594.72188pt>
File: figs/eletronica/alimv1.png Graphic file (type png)

<use figs/eletronica/alimv1.png>
Package pdftex.def Info: figs/eletronica/alimv1.png used on input line 60.
(pdftex.def)             Requested size: 390.0pt x 391.99132pt.
 [5 <C:/Users/Renan/git/OpenLEAD/ROSA-Relatorio_Eletronica/figs/eletronica/plac
av1.png>]
<figs/eletronica/comv1.png, id=204, 567.62062pt x 569.87906pt>
File: figs/eletronica/comv1.png Graphic file (type png)

<use figs/eletronica/comv1.png>
Package pdftex.def Info: figs/eletronica/comv1.png used on input line 67.
(pdftex.def)             Requested size: 390.0pt x 391.56479pt.
 [6 <C:/Users/Renan/git/OpenLEAD/ROSA-Relatorio_Eletronica/figs/eletronica/alim
v1.png>] [7 <C:/Users/Renan/git/OpenLEAD/ROSA-Relatorio_Eletronica/figs/eletron
ica/comv1.png>] [8]
<figs/software/LogicoFisico/EsqLogicoFisico1n.pdf, id=220, 852.93657pt x 532.99
126pt>
File: figs/software/LogicoFisico/EsqLogicoFisico1n.pdf Graphic file (type pdf)
 <use figs/software/LogicoFisico/EsqLogicoFisico1n.pdf>
Package pdftex.def Info: figs/software/LogicoFisico/EsqLogicoFisico1n.pdf used 
on input line 126.
(pdftex.def)             Requested size: 592.0pt x 369.96022pt.


LaTeX Warning: Float too large for page by 13.44806pt on input line 126.

[9 <C:/Users/Renan/git/OpenLEAD/ROSA-Relatorio_Eletronica/figs/software/LogicoF
isico/EsqLogicoFisico1n.pdf>]
<figs/software/EstrutSoft/prop1_soft_2.pdf, id=313, 613.54219pt x 456.95718pt>
File: figs/software/EstrutSoft/prop1_soft_2.pdf Graphic file (type pdf)

<use figs/software/EstrutSoft/prop1_soft_2.pdf>
Package pdftex.def Info: figs/software/EstrutSoft/prop1_soft_2.pdf used on inpu
t line 129.
(pdftex.def)             Requested size: 389.99753pt x 290.4644pt.

Overfull \hbox (25.21387pt too wide) in paragraph at lines 134--141
[][]\OT1/ppl/m/n/10.95 Ambos os com-po-nen-tes de pro-ces-sa-mento e conforma[]
[]ao de da-dos, Monitora[][]ao
 []


Overfull \hbox (11.43344pt too wide) in paragraph at lines 143--146
[]\OT1/ppl/m/n/10.95 Ap[]os a pri-meira vi-a-gem t[]ecnica para Ji-rau em Maio/
2014, houve al-gu-mas altera[][]oes
 []

[10


 <C:/Users/Renan/git/OpenLEAD/ROSA-Relatorio_Eletronica/figs/software/EstrutSof
t/prop1_soft_2.pdf>]
Overfull \hbox (7.14136pt too wide) in paragraph at lines 158--162
\OT1/ppl/m/n/10.95 de restri[][]ao de aco-pla-mento mec[]anico na viga pes-ca-d
ora. Os sen-so-res de inclina[][]ao
 []


Overfull \hbox (4.61198pt too wide) in paragraph at lines 171--180
\OT1/ppl/m/n/10.95 de restri[][]ao de aco-pla-mento mec[]anico na viga pes-ca-d
ora. Eles t[]em sa[]da anal[]ogica,
 []

[11] <figs/eletronica/placav21.png, id=368, 572.1375pt x 480.5955pt>
File: figs/eletronica/placav21.png Graphic file (type png)

<use figs/eletronica/placav21.png>
Package pdftex.def Info: figs/eletronica/placav21.png used on input line 187.
(pdftex.def)             Requested size: 390.0pt x 327.59995pt.

<figs/eletronica/placav22.png, id=369, 570.933pt x 483.0045pt>
File: figs/eletronica/placav22.png Graphic file (type png)

<use figs/eletronica/placav22.png>
Package pdftex.def Info: figs/eletronica/placav22.png used on input line 195.
(pdftex.def)             Requested size: 390.0pt x 329.94957pt.
 [12 <C:/Users/Renan/git/OpenLEAD/ROSA-Relatorio_Eletronica/figs/eletronica/pla
cav21.png>]
<figs/eletronica/alimentacao_placav2.pdf, id=374, 862.42201pt x 827.49153pt>
File: figs/eletronica/alimentacao_placav2.pdf Graphic file (type pdf)

<use figs/eletronica/alimentacao_placav2.pdf>
Package pdftex.def Info: figs/eletronica/alimentacao_placav2.pdf used on input 
line 203.
(pdftex.def)             Requested size: 390.0pt x 374.1986pt.
 [13 <C:/Users/Renan/git/OpenLEAD/ROSA-Relatorio_Eletronica/figs/eletronica/pla
cav22.png>]
<figs/eletronica/com_placav2.pdf, id=379, 797.98125pt x 797.37903pt>
File: figs/eletronica/com_placav2.pdf Graphic file (type pdf)

<use figs/eletronica/com_placav2.pdf>
Package pdftex.def Info: figs/eletronica/com_placav2.pdf used on input line 210
.
(pdftex.def)             Requested size: 390.0pt x 389.70929pt.
) [14 <C:/Users/Renan/git/OpenLEAD/ROSA-Relatorio_Eletronica/figs/eletronica/al
imentacao_placav2.pdf>] [15 <C:/Users/Renan/git/OpenLEAD/ROSA-Relatorio_Eletron
ica/figs/eletronica/com_placav2.pdf>]
(C:\Users\Renan\git\OpenLEAD\ROSA-Relatorio_Eletronica\04_proposta2.tex
<figs/eletronica/4.png, id=443, 963.6pt x 1028.84375pt>
File: figs/eletronica/4.png Graphic file (type png)

<use figs/eletronica/4.png>
Package pdftex.def Info: figs/eletronica/4.png used on input line 37.
(pdftex.def)             Requested size: 390.0pt x 416.39687pt.
 [16


] [17 <C:/Users/Renan/git/OpenLEAD/ROSA-Relatorio_Eletronica/figs/eletronica/4.
png (PNG copy)>]) [18]
<figs/software/LogicoFisico/EsqLogicoFisico2n.pdf, id=459, 852.93657pt x 447.17
062pt>
File: figs/software/LogicoFisico/EsqLogicoFisico2n.pdf Graphic file (type pdf)
 <use figs/software/LogicoFisico/EsqLogicoFisico2n.pdf>
Package pdftex.def Info: figs/software/LogicoFisico/EsqLogicoFisico2n.pdf used 
on input line 102.
(pdftex.def)             Requested size: 592.0pt x 310.39034pt.
 [19 <C:/Users/Renan/git/OpenLEAD/ROSA-Relatorio_Eletronica/figs/software/Logic
oFisico/EsqLogicoFisico2n.pdf>]
(C:\Users\Renan\git\OpenLEAD\ROSA-Relatorio_Eletronica\05_proposta3.tex
<figs/eletronica/5.png, id=517, 968.61874pt x 1024.82875pt>
File: figs/eletronica/5.png Graphic file (type png)

<use figs/eletronica/5.png>
Package pdftex.def Info: figs/eletronica/5.png used on input line 36.
(pdftex.def)             Requested size: 195.0pt x 206.30695pt.

<figs/software/EstrutSoft/prop1_soft_3.pdf, id=519, 682.80093pt x 551.81157pt>
File: figs/software/EstrutSoft/prop1_soft_3.pdf Graphic file (type pdf)

<use figs/software/EstrutSoft/prop1_soft_3.pdf>
Package pdftex.def Info: figs/software/EstrutSoft/prop1_soft_3.pdf used on inpu
t line 63.
(pdftex.def)             Requested size: 390.0028pt x 315.1842pt.
 [20




 <C:/Users/Renan/git/OpenLEAD/ROSA-Relatorio_Eletronica/figs/eletronica/5.png (
PNG copy)>]
<figs/software/LogicoFisico/EsqLogicoFisico3n.pdf, id=524, 852.93657pt x 447.17
062pt>
File: figs/software/LogicoFisico/EsqLogicoFisico3n.pdf Graphic file (type pdf)
 <use figs/software/LogicoFisico/EsqLogicoFisico3n.pdf>
Package pdftex.def Info: figs/software/LogicoFisico/EsqLogicoFisico3n.pdf used 
on input line 67.
(pdftex.def)             Requested size: 592.0pt x 310.39034pt.
 [21 <C:/Users/Renan/git/OpenLEAD/ROSA-Relatorio_Eletronica/figs/software/Logic
oFisico/EsqLogicoFisico3n.pdf>]) [22


 <C:/Users/Renan/git/OpenLEAD/ROSA-Relatorio_Eletronica/figs/software/EstrutSof
t/prop1_soft_3.pdf>] [23]
(C:\Users\Renan\git\OpenLEAD\ROSA-Relatorio_Eletronica\06_conclusao.tex)
[24


] (C:\Users\Renan\git\OpenLEAD\ROSA-Relatorio_Eletronica\07_anexo.tex
<figs/datasheets/rm9000.pdf, id=668, 597.50829pt x 845.0471pt>
File: figs/datasheets/rm9000.pdf Graphic file (type pdf)

<use figs/datasheets/rm9000.pdf>
Package pdftex.def Info: figs/datasheets/rm9000.pdf used on input line 29.
(pdftex.def)             Requested size: 390.0pt x 551.5693pt.
File: figs/datasheets/rm9000.pdf Graphic file (type pdf)
 <use figs/datasheets/rm9000.pdf>
Package pdftex.def Info: figs/datasheets/rm9000.pdf used on input line 30.
(pdftex.def)             Requested size: 597.50682pt x 845.04504pt.
File: figs/datasheets/rm9000.pdf Graphic file (type pdf)

<use figs/datasheets/rm9000.pdf>
Package pdftex.def Info: figs/datasheets/rm9000.pdf used on input line 30.
(pdftex.def)             Requested size: 597.50682pt x 845.04504pt.

Underfull \hbox (badness 10000) in paragraph at lines 29--30

 []

[25


]
Overfull \vbox (32.70006pt too high) has occurred while \output is active []


[26 <C:/Users/Renan/git/OpenLEAD/ROSA-Relatorio_Eletronica/figs/datasheets/rm90
00.pdf>]
<figs/datasheets/rm9000.pdf, id=717, page=2, 597.50829pt x 845.0471pt>
File: figs/datasheets/rm9000.pdf Graphic file (type pdf)

<use figs/datasheets/rm9000.pdf, page 2>
Package pdftex.def Info: figs/datasheets/rm9000.pdf, page2 used on input line 3
0.
(pdftex.def)             Requested size: 390.0pt x 551.5693pt.
File: figs/datasheets/rm9000.pdf Graphic file (type pdf)

<use figs/datasheets/rm9000.pdf, page 2>
Package pdftex.def Info: figs/datasheets/rm9000.pdf, page2 used on input line 3
0.
(pdftex.def)             Requested size: 915.41553pt x 1294.65862pt.
File: figs/datasheets/rm9000.pdf Graphic file (type pdf)

<use figs/datasheets/rm9000.pdf, page 2>
Package pdftex.def Info: figs/datasheets/rm9000.pdf, page2 used on input line 3
0.
(pdftex.def)             Requested size: 915.41553pt x 1294.65862pt.
File: figs/datasheets/rm9000.pdf Graphic file (type pdf)

<use figs/datasheets/rm9000.pdf, page 2>
Package pdftex.def Info: figs/datasheets/rm9000.pdf, page2 used on input line 3
0.
(pdftex.def)             Requested size: 915.41553pt x 1294.65862pt.
File: figs/datasheets/rm9000.pdf Graphic file (type pdf)

<use figs/datasheets/rm9000.pdf, page 2>
Package pdftex.def Info: figs/datasheets/rm9000.pdf, page2 used on input line 3
0.
(pdftex.def)             Requested size: 915.41553pt x 1294.65862pt.
 [27 <C:/Users/Renan/git/OpenLEAD/ROSA-Relatorio_Eletronica/figs/datasheets/rm9
000.pdf>]
<figs/datasheets/sonar.pdf, id=726, page=2, 597.50731pt x 845.04607pt>
File: figs/datasheets/sonar.pdf Graphic file (type pdf)

<use figs/datasheets/sonar.pdf, page 2>
Package pdftex.def Info: figs/datasheets/sonar.pdf, page2 used on input line 32
.
(pdftex.def)             Requested size: 390.0pt x 551.56863pt.

<figs/datasheets/pantilt.pdf, id=727, 597.45204pt x 845.1575pt>
File: figs/datasheets/pantilt.pdf Graphic file (type pdf)

<use figs/datasheets/pantilt.pdf>
Package pdftex.def Info: figs/datasheets/pantilt.pdf used on input line 34.
(pdftex.def)             Requested size: 390.0pt x 551.70584pt.
 [28 <C:/Users/Renan/git/OpenLEAD/ROSA-Relatorio_Eletronica/figs/datasheets/son
ar.pdf>]
<figs/datasheets/inductive.pdf, id=764, 597.23125pt x 845.1575pt>
File: figs/datasheets/inductive.pdf Graphic file (type pdf)

<use figs/datasheets/inductive.pdf>
Package pdftex.def Info: figs/datasheets/inductive.pdf used on input line 36.
(pdftex.def)             Requested size: 390.0pt x 551.89929pt.
File: figs/datasheets/inductive.pdf Graphic file (type pdf)
 <use figs/datasheets/inductive.pdf>
Package pdftex.def Info: figs/datasheets/inductive.pdf used on input line 37.
(pdftex.def)             Requested size: 597.22978pt x 845.15544pt.
File: figs/datasheets/inductive.pdf Graphic file (type pdf)

<use figs/datasheets/inductive.pdf>
Package pdftex.def Info: figs/datasheets/inductive.pdf used on input line 37.
(pdftex.def)             Requested size: 597.22978pt x 845.15544pt.

Underfull \hbox (badness 10000) in paragraph at lines 36--37

 []

[29 <C:/Users/Renan/git/OpenLEAD/ROSA-Relatorio_Eletronica/figs/datasheets/pant
ilt.pdf>] [30]
Overfull \vbox (0.21843pt too high) has occurred while \output is active []


[31 <C:/Users/Renan/git/OpenLEAD/ROSA-Relatorio_Eletronica/figs/datasheets/indu
ctive.pdf>]
<figs/datasheets/inductive.pdf, id=855, page=2, 597.23125pt x 845.1575pt>
File: figs/datasheets/inductive.pdf Graphic file (type pdf)

<use figs/datasheets/inductive.pdf, page 2>
Package pdftex.def Info: figs/datasheets/inductive.pdf, page2 used on input lin
e 37.
(pdftex.def)             Requested size: 390.0pt x 551.89929pt.
File: figs/datasheets/inductive.pdf Graphic file (type pdf)

<use figs/datasheets/inductive.pdf, page 2>
Package pdftex.def Info: figs/datasheets/inductive.pdf, page2 used on input lin
e 37.
(pdftex.def)             Requested size: 914.99109pt x 1294.82776pt.
File: figs/datasheets/inductive.pdf Graphic file (type pdf)

<use figs/datasheets/inductive.pdf, page 2>
Package pdftex.def Info: figs/datasheets/inductive.pdf, page2 used on input lin
e 37.
(pdftex.def)             Requested size: 914.99109pt x 1294.82776pt.
File: figs/datasheets/inductive.pdf Graphic file (type pdf)

<use figs/datasheets/inductive.pdf, page 2>
Package pdftex.def Info: figs/datasheets/inductive.pdf, page2 used on input lin
e 37.
(pdftex.def)             Requested size: 914.99109pt x 1294.82776pt.
File: figs/datasheets/inductive.pdf Graphic file (type pdf)

<use figs/datasheets/inductive.pdf, page 2>
Package pdftex.def Info: figs/datasheets/inductive.pdf, page2 used on input lin
e 37.
(pdftex.def)             Requested size: 914.99109pt x 1294.82776pt.
 [32 <C:/Users/Renan/git/OpenLEAD/ROSA-Relatorio_Eletronica/figs/datasheets/ind
uctive.pdf>]
<figs/datasheets/inclinacao.pdf, id=870, 597.45204pt x 845.1575pt>
File: figs/datasheets/inclinacao.pdf Graphic file (type pdf)

<use figs/datasheets/inclinacao.pdf>
Package pdftex.def Info: figs/datasheets/inclinacao.pdf used on input line 39.
(pdftex.def)             Requested size: 390.0pt x 551.70584pt.
File: figs/datasheets/inclinacao.pdf Graphic file (type pdf)
 <use figs/datasheets/inclinacao.pdf>
Package pdftex.def Info: figs/datasheets/inclinacao.pdf used on input line 40.
(pdftex.def)             Requested size: 597.45058pt x 845.15544pt.
File: figs/datasheets/inclinacao.pdf Graphic file (type pdf)

<use figs/datasheets/inclinacao.pdf>
Package pdftex.def Info: figs/datasheets/inclinacao.pdf used on input line 40.
(pdftex.def)             Requested size: 597.45058pt x 845.15544pt.

Underfull \hbox (badness 10000) in paragraph at lines 39--40

 []

[33]
Overfull \vbox (2.54503pt too high) has occurred while \output is active []


[34 <C:/Users/Renan/git/OpenLEAD/ROSA-Relatorio_Eletronica/figs/datasheets/incl
inacao.pdf>]
<figs/datasheets/inclinacao.pdf, id=905, page=2, 597.45204pt x 845.1575pt>
File: figs/datasheets/inclinacao.pdf Graphic file (type pdf)

<use figs/datasheets/inclinacao.pdf, page 2>
Package pdftex.def Info: figs/datasheets/inclinacao.pdf, page2 used on input li
ne 40.
(pdftex.def)             Requested size: 390.0pt x 551.70584pt.
File: figs/datasheets/inclinacao.pdf Graphic file (type pdf)

<use figs/datasheets/inclinacao.pdf, page 2>
Package pdftex.def Info: figs/datasheets/inclinacao.pdf, page2 used on input li
ne 40.
(pdftex.def)             Requested size: 915.32936pt x 1294.82776pt.
File: figs/datasheets/inclinacao.pdf Graphic file (type pdf)

<use figs/datasheets/inclinacao.pdf, page 2>
Package pdftex.def Info: figs/datasheets/inclinacao.pdf, page2 used on input li
ne 40.
(pdftex.def)             Requested size: 915.32936pt x 1294.82776pt.
File: figs/datasheets/inclinacao.pdf Graphic file (type pdf)

<use figs/datasheets/inclinacao.pdf, page 2>
Package pdftex.def Info: figs/datasheets/inclinacao.pdf, page2 used on input li
ne 40.
(pdftex.def)             Requested size: 915.32936pt x 1294.82776pt.
File: figs/datasheets/inclinacao.pdf Graphic file (type pdf)

<use figs/datasheets/inclinacao.pdf, page 2>
Package pdftex.def Info: figs/datasheets/inclinacao.pdf, page2 used on input li
ne 40.
(pdftex.def)             Requested size: 915.32936pt x 1294.82776pt.
 [35 <C:/Users/Renan/git/OpenLEAD/ROSA-Relatorio_Eletronica/figs/datasheets/inc
linacao.pdf>]
<figs/datasheets/inclinacao.pdf, id=911, page=3, 597.45204pt x 845.1575pt>
File: figs/datasheets/inclinacao.pdf Graphic file (type pdf)

<use figs/datasheets/inclinacao.pdf, page 3>
Package pdftex.def Info: figs/datasheets/inclinacao.pdf, page3 used on input li
ne 40.
(pdftex.def)             Requested size: 915.32936pt x 1294.82776pt.
File: figs/datasheets/inclinacao.pdf Graphic file (type pdf)

<use figs/datasheets/inclinacao.pdf, page 3>
Package pdftex.def Info: figs/datasheets/inclinacao.pdf, page3 used on input li
ne 40.
(pdftex.def)             Requested size: 915.32936pt x 1294.82776pt.
File: figs/datasheets/inclinacao.pdf Graphic file (type pdf)

<use figs/datasheets/inclinacao.pdf, page 3>
Package pdftex.def Info: figs/datasheets/inclinacao.pdf, page3 used on input li
ne 40.
(pdftex.def)             Requested size: 915.32936pt x 1294.82776pt.
 [36 <C:/Users/Renan/git/OpenLEAD/ROSA-Relatorio_Eletronica/figs/datasheets/inc
linacao.pdf>]
<figs/datasheets/inclinacao.pdf, id=916, page=4, 597.45204pt x 845.1575pt>
File: figs/datasheets/inclinacao.pdf Graphic file (type pdf)

<use figs/datasheets/inclinacao.pdf, page 4>
Package pdftex.def Info: figs/datasheets/inclinacao.pdf, page4 used on input li
ne 40.
(pdftex.def)             Requested size: 915.32936pt x 1294.82776pt.
File: figs/datasheets/inclinacao.pdf Graphic file (type pdf)

<use figs/datasheets/inclinacao.pdf, page 4>
Package pdftex.def Info: figs/datasheets/inclinacao.pdf, page4 used on input li
ne 40.
(pdftex.def)             Requested size: 915.32936pt x 1294.82776pt.
File: figs/datasheets/inclinacao.pdf Graphic file (type pdf)

<use figs/datasheets/inclinacao.pdf, page 4>
Package pdftex.def Info: figs/datasheets/inclinacao.pdf, page4 used on input li
ne 40.
(pdftex.def)             Requested size: 915.32936pt x 1294.82776pt.
 [37 <C:/Users/Renan/git/OpenLEAD/ROSA-Relatorio_Eletronica/figs/datasheets/inc
linacao.pdf>]
<figs/datasheets/inclinacao.pdf, id=921, page=5, 597.45204pt x 845.1575pt>
File: figs/datasheets/inclinacao.pdf Graphic file (type pdf)

<use figs/datasheets/inclinacao.pdf, page 5>
Package pdftex.def Info: figs/datasheets/inclinacao.pdf, page5 used on input li
ne 40.
(pdftex.def)             Requested size: 915.32936pt x 1294.82776pt.
File: figs/datasheets/inclinacao.pdf Graphic file (type pdf)

<use figs/datasheets/inclinacao.pdf, page 5>
Package pdftex.def Info: figs/datasheets/inclinacao.pdf, page5 used on input li
ne 40.
(pdftex.def)             Requested size: 915.32936pt x 1294.82776pt.
File: figs/datasheets/inclinacao.pdf Graphic file (type pdf)

<use figs/datasheets/inclinacao.pdf, page 5>
Package pdftex.def Info: figs/datasheets/inclinacao.pdf, page5 used on input li
ne 40.
(pdftex.def)             Requested size: 915.32936pt x 1294.82776pt.
 [38 <C:/Users/Renan/git/OpenLEAD/ROSA-Relatorio_Eletronica/figs/datasheets/inc
linacao.pdf>]
<figs/datasheets/inclinacao.pdf, id=926, page=6, 597.45204pt x 845.1575pt>
File: figs/datasheets/inclinacao.pdf Graphic file (type pdf)

<use figs/datasheets/inclinacao.pdf, page 6>
Package pdftex.def Info: figs/datasheets/inclinacao.pdf, page6 used on input li
ne 40.
(pdftex.def)             Requested size: 915.32936pt x 1294.82776pt.
File: figs/datasheets/inclinacao.pdf Graphic file (type pdf)

<use figs/datasheets/inclinacao.pdf, page 6>
Package pdftex.def Info: figs/datasheets/inclinacao.pdf, page6 used on input li
ne 40.
(pdftex.def)             Requested size: 915.32936pt x 1294.82776pt.
File: figs/datasheets/inclinacao.pdf Graphic file (type pdf)

<use figs/datasheets/inclinacao.pdf, page 6>
Package pdftex.def Info: figs/datasheets/inclinacao.pdf, page6 used on input li
ne 40.
(pdftex.def)             Requested size: 915.32936pt x 1294.82776pt.
 [39 <C:/Users/Renan/git/OpenLEAD/ROSA-Relatorio_Eletronica/figs/datasheets/inc
linacao.pdf>]
<figs/datasheets/profundimetro.pdf, id=931, 625.96562pt x 873.4994pt>
File: figs/datasheets/profundimetro.pdf Graphic file (type pdf)

<use figs/datasheets/profundimetro.pdf>
Package pdftex.def Info: figs/datasheets/profundimetro.pdf used on input line 4
2.
(pdftex.def)             Requested size: 390.0pt x 544.24306pt.
File: figs/datasheets/profundimetro.pdf Graphic file (type pdf)

<use figs/datasheets/profundimetro.pdf>
Package pdftex.def Info: figs/datasheets/profundimetro.pdf used on input line 4
3.
(pdftex.def)             Requested size: 625.9641pt x 873.49727pt.
File: figs/datasheets/profundimetro.pdf Graphic file (type pdf)

<use figs/datasheets/profundimetro.pdf>
Package pdftex.def Info: figs/datasheets/profundimetro.pdf used on input line 4
3.
(pdftex.def)             Requested size: 625.9641pt x 873.49727pt.

Underfull \hbox (badness 10000) in paragraph at lines 42--43

 []

[40 <C:/Users/Renan/git/OpenLEAD/ROSA-Relatorio_Eletronica/figs/datasheets/prof
undimetro.pdf>]
<figs/datasheets/profundimetro.pdf, id=1072, page=2, 625.96562pt x 873.4994pt>
File: figs/datasheets/profundimetro.pdf Graphic file (type pdf)

<use figs/datasheets/profundimetro.pdf, page 2>
Package pdftex.def Info: figs/datasheets/profundimetro.pdf, page2 used on input
 line 43.
(pdftex.def)             Requested size: 390.0pt x 544.24306pt.
File: figs/datasheets/profundimetro.pdf Graphic file (type pdf)

<use figs/datasheets/profundimetro.pdf, page 2>
Package pdftex.def Info: figs/datasheets/profundimetro.pdf, page2 used on input
 line 43.
(pdftex.def)             Requested size: 959.01375pt x 1338.2491pt.
File: figs/datasheets/profundimetro.pdf Graphic file (type pdf)

<use figs/datasheets/profundimetro.pdf, page 2>
Package pdftex.def Info: figs/datasheets/profundimetro.pdf, page2 used on input
 line 43.
(pdftex.def)             Requested size: 959.01375pt x 1338.2491pt.
File: figs/datasheets/profundimetro.pdf Graphic file (type pdf)

<use figs/datasheets/profundimetro.pdf, page 2>
Package pdftex.def Info: figs/datasheets/profundimetro.pdf, page2 used on input
 line 43.
(pdftex.def)             Requested size: 959.01375pt x 1338.2491pt.
File: figs/datasheets/profundimetro.pdf Graphic file (type pdf)

<use figs/datasheets/profundimetro.pdf, page 2>
Package pdftex.def Info: figs/datasheets/profundimetro.pdf, page2 used on input
 line 43.
(pdftex.def)             Requested size: 959.01375pt x 1338.2491pt.
 [41 <C:/Users/Renan/git/OpenLEAD/ROSA-Relatorio_Eletronica/figs/datasheets/pro
fundimetro.pdf>]
<figs/datasheets/profundimetro.pdf, id=1088, page=3, 625.96562pt x 873.4994pt>
File: figs/datasheets/profundimetro.pdf Graphic file (type pdf)

<use figs/datasheets/profundimetro.pdf, page 3>
Package pdftex.def Info: figs/datasheets/profundimetro.pdf, page3 used on input
 line 43.
(pdftex.def)             Requested size: 959.01375pt x 1338.2491pt.
File: figs/datasheets/profundimetro.pdf Graphic file (type pdf)

<use figs/datasheets/profundimetro.pdf, page 3>
Package pdftex.def Info: figs/datasheets/profundimetro.pdf, page3 used on input
 line 43.
(pdftex.def)             Requested size: 959.01375pt x 1338.2491pt.
File: figs/datasheets/profundimetro.pdf Graphic file (type pdf)

<use figs/datasheets/profundimetro.pdf, page 3>
Package pdftex.def Info: figs/datasheets/profundimetro.pdf, page3 used on input
 line 43.
(pdftex.def)             Requested size: 959.01375pt x 1338.2491pt.
 [42 <C:/Users/Renan/git/OpenLEAD/ROSA-Relatorio_Eletronica/figs/datasheets/pro
fundimetro.pdf>]
<figs/datasheets/pinout.pdf, id=1097, 225.09094pt x 187.45032pt>
File: figs/datasheets/pinout.pdf Graphic file (type pdf)

<use figs/datasheets/pinout.pdf>
Package pdftex.def Info: figs/datasheets/pinout.pdf used on input line 45.
(pdftex.def)             Requested size: 390.0pt x 324.8223pt.
File: figs/datasheets/pinout.pdf Graphic file (type pdf)
 <use figs/datasheets/pinout.pdf>
Package pdftex.def Info: figs/datasheets/pinout.pdf used on input line 46.
(pdftex.def)             Requested size: 225.09038pt x 187.44984pt.
File: figs/datasheets/pinout.pdf Graphic file (type pdf)

<use figs/datasheets/pinout.pdf>
Package pdftex.def Info: figs/datasheets/pinout.pdf used on input line 46.
(pdftex.def)             Requested size: 225.09038pt x 187.44984pt.

Underfull \hbox (badness 10000) in paragraph at lines 45--46

 []

[43 <C:/Users/Renan/git/OpenLEAD/ROSA-Relatorio_Eletronica/figs/datasheets/pino
ut.pdf>]
<figs/datasheets/pinout.pdf, id=1107, page=2, 962.09438pt x 536.0025pt>
File: figs/datasheets/pinout.pdf Graphic file (type pdf)

<use figs/datasheets/pinout.pdf, page 2>
Package pdftex.def Info: figs/datasheets/pinout.pdf, page2 used on input line 4
6.
(pdftex.def)             Requested size: 390.0pt x 217.27611pt.
File: figs/datasheets/pinout.pdf Graphic file (type pdf)

<use figs/datasheets/pinout.pdf, page 2>
Package pdftex.def Info: figs/datasheets/pinout.pdf, page2 used on input line 4
6.
(pdftex.def)             Requested size: 1473.98146pt x 821.18529pt.
File: figs/datasheets/pinout.pdf Graphic file (type pdf)

<use figs/datasheets/pinout.pdf, page 2>
Package pdftex.def Info: figs/datasheets/pinout.pdf, page2 used on input line 4
6.
(pdftex.def)             Requested size: 1473.98146pt x 821.18529pt.
File: figs/datasheets/pinout.pdf Graphic file (type pdf)

<use figs/datasheets/pinout.pdf, page 2>
Package pdftex.def Info: figs/datasheets/pinout.pdf, page2 used on input line 4
6.
(pdftex.def)             Requested size: 1473.98146pt x 821.18529pt.
File: figs/datasheets/pinout.pdf Graphic file (type pdf)

<use figs/datasheets/pinout.pdf, page 2>
Package pdftex.def Info: figs/datasheets/pinout.pdf, page2 used on input line 4
6.
(pdftex.def)             Requested size: 1473.98146pt x 821.18529pt.
 [44 <C:/Users/Renan/git/OpenLEAD/ROSA-Relatorio_Eletronica/figs/datasheets/pin
out.pdf>]
<figs/datasheets/pinout.pdf, id=1114, page=3, 511.15968pt x 472.76625pt>
File: figs/datasheets/pinout.pdf Graphic file (type pdf)

<use figs/datasheets/pinout.pdf, page 3>
Package pdftex.def Info: figs/datasheets/pinout.pdf, page3 used on input line 4
6.
(pdftex.def)             Requested size: 783.1247pt x 724.30386pt.
File: figs/datasheets/pinout.pdf Graphic file (type pdf)

<use figs/datasheets/pinout.pdf, page 3>
Package pdftex.def Info: figs/datasheets/pinout.pdf, page3 used on input line 4
6.
(pdftex.def)             Requested size: 783.1247pt x 724.30386pt.
File: figs/datasheets/pinout.pdf Graphic file (type pdf)

<use figs/datasheets/pinout.pdf, page 3>
Package pdftex.def Info: figs/datasheets/pinout.pdf, page3 used on input line 4
6.
(pdftex.def)             Requested size: 783.1247pt x 724.30386pt.
 [45 <C:/Users/Renan/git/OpenLEAD/ROSA-Relatorio_Eletronica/figs/datasheets/pin
out.pdf>]
<figs/datasheets/pinout.pdf, id=1121, page=4, 511.15968pt x 363.60844pt>
File: figs/datasheets/pinout.pdf Graphic file (type pdf)

<use figs/datasheets/pinout.pdf, page 4>
Package pdftex.def Info: figs/datasheets/pinout.pdf, page4 used on input line 4
6.
(pdftex.def)             Requested size: 783.1247pt x 557.0681pt.
File: figs/datasheets/pinout.pdf Graphic file (type pdf)

<use figs/datasheets/pinout.pdf, page 4>
Package pdftex.def Info: figs/datasheets/pinout.pdf, page4 used on input line 4
6.
(pdftex.def)             Requested size: 783.1247pt x 557.0681pt.
File: figs/datasheets/pinout.pdf Graphic file (type pdf)

<use figs/datasheets/pinout.pdf, page 4>
Package pdftex.def Info: figs/datasheets/pinout.pdf, page4 used on input line 4
6.
(pdftex.def)             Requested size: 783.1247pt x 557.0681pt.
 [46 <C:/Users/Renan/git/OpenLEAD/ROSA-Relatorio_Eletronica/figs/datasheets/pin
out.pdf>]
<figs/datasheets/pinout.pdf, id=1128, page=5, 514.17094pt x 292.84406pt>
File: figs/datasheets/pinout.pdf Graphic file (type pdf)

<use figs/datasheets/pinout.pdf, page 5>
Package pdftex.def Info: figs/datasheets/pinout.pdf, page5 used on input line 4
6.
(pdftex.def)             Requested size: 787.73816pt x 448.65318pt.
File: figs/datasheets/pinout.pdf Graphic file (type pdf)

<use figs/datasheets/pinout.pdf, page 5>
Package pdftex.def Info: figs/datasheets/pinout.pdf, page5 used on input line 4
6.
(pdftex.def)             Requested size: 787.73816pt x 448.65318pt.
File: figs/datasheets/pinout.pdf Graphic file (type pdf)

<use figs/datasheets/pinout.pdf, page 5>
Package pdftex.def Info: figs/datasheets/pinout.pdf, page5 used on input line 4
6.
(pdftex.def)             Requested size: 787.73816pt x 448.65318pt.
 [47 <C:/Users/Renan/git/OpenLEAD/ROSA-Relatorio_Eletronica/figs/datasheets/pin
out.pdf>]
<figs/datasheets/pinout.pdf, id=1136, page=6, 348.55219pt x 257.46187pt>
File: figs/datasheets/pinout.pdf Graphic file (type pdf)

<use figs/datasheets/pinout.pdf, page 6>
Package pdftex.def Info: figs/datasheets/pinout.pdf, page6 used on input line 4
6.
(pdftex.def)             Requested size: 534.00107pt x 394.44571pt.
File: figs/datasheets/pinout.pdf Graphic file (type pdf)

<use figs/datasheets/pinout.pdf, page 6>
Package pdftex.def Info: figs/datasheets/pinout.pdf, page6 used on input line 4
6.
(pdftex.def)             Requested size: 534.00107pt x 394.44571pt.
File: figs/datasheets/pinout.pdf Graphic file (type pdf)

<use figs/datasheets/pinout.pdf, page 6>
Package pdftex.def Info: figs/datasheets/pinout.pdf, page6 used on input line 4
6.
(pdftex.def)             Requested size: 534.00107pt x 394.44571pt.
 [48 <C:/Users/Renan/git/OpenLEAD/ROSA-Relatorio_Eletronica/figs/datasheets/pin
out.pdf>])
Package atveryend Info: Empty hook `BeforeClearDocument' on input line 123.
Package atveryend Info: Empty hook `AfterLastShipout' on input line 123.

(C:\Users\Renan\git\OpenLEAD\ROSA-Relatorio_Eletronica\master.aux
(C:\Users\Renan\git\OpenLEAD\ROSA-Relatorio_Eletronica\01_frontpage.aux)
(C:\Users\Renan\git\OpenLEAD\ROSA-Relatorio_Eletronica\01_header.aux)
(C:\Users\Renan\git\OpenLEAD\ROSA-Relatorio_Eletronica\02_propostas.aux)
(C:\Users\Renan\git\OpenLEAD\ROSA-Relatorio_Eletronica\03_proposta1.aux)
(C:\Users\Renan\git\OpenLEAD\ROSA-Relatorio_Eletronica\04_proposta2.aux)
(C:\Users\Renan\git\OpenLEAD\ROSA-Relatorio_Eletronica\05_proposta3.aux)
(C:\Users\Renan\git\OpenLEAD\ROSA-Relatorio_Eletronica\06_conclusao.aux)
(C:\Users\Renan\git\OpenLEAD\ROSA-Relatorio_Eletronica\07_anexo.aux))
Package atveryend Info: Executing hook `AtVeryEndDocument' on input line 123.
Package atveryend Info: Executing hook `AtEndAfterFileList' on input line 123.


Package rerunfilecheck Warning: File `master.out' has changed.
(rerunfilecheck)                Rerun to get outlines right
(rerunfilecheck)                or use package `bookmark'.

Package rerunfilecheck Info: Checksums for `master.out':
(rerunfilecheck)             Before: 91499C1EC2A00C9F72FCEFCE6469C740;1689
(rerunfilecheck)             After:  F00B774C2F56AA1CA7A315F4A515AEB9;1590.

LaTeX Warning: There were multiply-defined labels.

Package atveryend Info: Empty hook `AtVeryVeryEnd' on input line 123.
 ) 
Here is how much of TeX's memory you used:
 10576 strings out of 493921
 157325 string characters out of 3144876
 248045 words of memory out of 3000000
 13482 multiletter control sequences out of 15000+200000
 19097 words of font info for 53 fonts, out of 3000000 for 9000
 841 hyphenation exceptions out of 8191
 45i,18n,49p,305b,495s stack positions out of 5000i,500n,10000p,200000b,50000s
pdfTeX warning (dest): name{figure.15} has been referenced but does not exist
, replaced by a fixed one

pdfTeX warning (dest): name{figure.16} has been referenced but does not exist, 
replaced by a fixed one

pdfTeX warning (dest): name{subsection.2.4} has been referenced but does not ex
ist, replaced by a fixed one

{C:/Program Files (x86)/MiKTeX 2.9/fonts/enc/dvips/fontname/8r.enc}<C:/Program 
Files (x86)/MiKTeX 2.9/fonts/type1/public/amsfonts/cm/cmsy10.pfb><C:/Program Fi
les (x86)/MiKTeX 2.9/fonts/type1/urw/palatino/uplb8a.pfb><C:/Program Files (x86
)/MiKTeX 2.9/fonts/type1/urw/palatino/uplr8a.pfb><C:/Program Files (x86)/MiKTeX
 2.9/fonts/type1/urw/palatino/uplri8a.pfb>
Output written on master.pdf (50 pages, 7335619 bytes).
PDF statistics:
 1181 PDF objects out of 1200 (max. 8388607)
 88 named destinations out of 1000 (max. 500000)
 413 words of extra memory for PDF output out of 10000 (max. 10000000)

